<?xml version="1.0" encoding="UTF-8"?>
<testng-results skipped="0" failed="0" total="2" passed="2">
  <reporter-output>
  </reporter-output>
  <suite name="Default suite" duration-ms="46719" started-at="2016-12-13T16:45:59Z" finished-at="2016-12-13T16:46:46Z">
    <groups>
    </groups>
    <test name="Default test" duration-ms="46719" started-at="2016-12-13T16:45:59Z" finished-at="2016-12-13T16:46:46Z">
      <class name="com.ebay.home.ebayLogin">
        <test-method status="PASS" signature="firstTest()[pri:0, instance:com.ebay.home.ebayLogin@6276ae34]" name="firstTest" duration-ms="22919" started-at="2016-12-13T22:15:59Z" finished-at="2016-12-13T22:16:22Z">
          <reporter-output>
          </reporter-output>
        </test-method> <!-- firstTest -->
        <test-method status="PASS" signature="validLoginCredential()[pri:0, instance:com.ebay.home.ebayLogin@6276ae34]" name="validLoginCredential" duration-ms="23776" started-at="2016-12-13T22:16:22Z" finished-at="2016-12-13T22:16:46Z">
          <reporter-output>
          </reporter-output>
        </test-method> <!-- validLoginCredential -->
      </class> <!-- com.ebay.home.ebayLogin -->
    </test> <!-- Default test -->
  </suite> <!-- Default suite -->
</testng-results>
